<?xml version="1.0" encoding="UTF-8"?>
<testsuite xmlns:xsi="http://www.w3.org/2001/XMLSchema-instance" xsi:noNamespaceSchemaLocation="https://maven.apache.org/surefire/maven-surefire-plugin/xsd/surefire-test-report.xsd" name="club.zymcloud.zymblog.ZymblogApplicationTests" time="10.601" tests="2" errors="0" skipped="0" failures="0">
  <properties>
[...]
</properties>
  <testcase name="contextLoads1" classname="club.zymcloud.zymblog.ZymblogApplicationTests" time="0.964"/>
  <testcase name="contextLoads" classname="club.zymcloud.zymblog.ZymblogApplicationTests" time="0.033"/>
</testsuite>